<?xml version="1.0" encoding="UTF-8"?>
<testsuite xmlns:xsi="http://www.w3.org/2001/XMLSchema-instance" xsi:noNamespaceSchemaLocation="https://maven.apache.org/surefire/maven-surefire-plugin/xsd/surefire-test-report.xsd" name="cn.neyzoter.aiot.dal.dao.vehicle.TestVehicle2InfluxDb" time="0.248" tests="1" errors="0" skipped="0" failures="0">
  <properties>
[...]
</properties>
  <testcase name="testPost2InfluxDb" classname="cn.neyzoter.aiot.dal.dao.vehicle.TestVehicle2InfluxDb" time="0.169"/>
</testsuite>